[debug] [2023-06-25T14:35:08.018Z] ----------------------------------------------------------------------
[debug] [2023-06-25T14:35:08.020Z] Command:       C:\Program Files\nodejs\node.exe C:\Users\NEW\AppData\Roaming\npm\node_modules\firebase-tools\lib\bin\firebase.js init
[debug] [2023-06-25T14:35:08.020Z] CLI Version:   12.4.0
[debug] [2023-06-25T14:35:08.020Z] Platform:      win32
[debug] [2023-06-25T14:35:08.020Z] Node Version:  v19.0.0
[debug] [2023-06-25T14:35:08.021Z] Time:          Sun Jun 25 2023 20:05:08 GMT+0530 (India Standard Time)
[debug] [2023-06-25T14:35:08.021Z] ----------------------------------------------------------------------
[debug] 
[debug] [2023-06-25T14:35:08.023Z] >>> [apiv2][query] GET https://firebase-public.firebaseio.com/cli.json [none]
[debug] [2023-06-25T14:35:08.055Z] > command requires scopes: ["email","openid","https://www.googleapis.com/auth/cloudplatformprojects.readonly","https://www.googleapis.com/auth/firebase","https://www.googleapis.com/auth/cloud-platform"]
[debug] [2023-06-25T14:35:08.056Z] > authorizing via signed-in user (saaivignesh2002@gmail.com)
[info] 
     ######## #### ########  ######## ########     ###     ######  ########
     ##        ##  ##     ## ##       ##     ##  ##   ##  ##       ##
     ######    ##  ########  ######   ########  #########  ######  ######
     ##        ##  ##    ##  ##       ##     ## ##     ##       ## ##
     ##       #### ##     ## ######## ########  ##     ##  ######  ########

You're about to initialize a Firebase project in this directory:

  D:\projects\placement\devrev\flight\flight

[debug] [2023-06-25T14:35:08.762Z] <<< [apiv2][status] GET https://firebase-public.firebaseio.com/cli.json 200
[debug] [2023-06-25T14:35:08.763Z] <<< [apiv2][body] GET https://firebase-public.firebaseio.com/cli.json {"cloudBuildErrorAfter":1594252800000,"cloudBuildWarnAfter":1590019200000,"defaultNode10After":1594252800000,"minVersion":"3.0.5","node8DeploysDisabledAfter":1613390400000,"node8RuntimeDisabledAfter":1615809600000,"node8WarnAfter":1600128000000}
[info] 
=== Project Setup
[info] 
[info] First, let's associate this project directory with a Firebase project.
[info] You can create multiple project aliases by running firebase use --add, 
[info] but for now we'll just set up a default project.
[info] 
[debug] [2023-06-25T14:36:43.872Z] > refreshing access token with scopes: []
[debug] [2023-06-25T14:36:43.873Z] >>> [apiv2][query] POST https://www.googleapis.com/oauth2/v3/token [none]
[debug] [2023-06-25T14:36:43.873Z] >>> [apiv2][body] POST https://www.googleapis.com/oauth2/v3/token [omitted]
[debug] [2023-06-25T14:36:44.302Z] <<< [apiv2][status] POST https://www.googleapis.com/oauth2/v3/token 400
[debug] [2023-06-25T14:36:44.302Z] <<< [apiv2][body] POST https://www.googleapis.com/oauth2/v3/token [omitted]
[debug] [2023-06-25T14:36:44.303Z] >>> [apiv2][query] GET https://firebase.googleapis.com/v1beta1/projects pageSize=100
[debug] [2023-06-25T14:36:44.868Z] <<< [apiv2][status] GET https://firebase.googleapis.com/v1beta1/projects 401
[debug] [2023-06-25T14:36:44.868Z] <<< [apiv2][body] GET https://firebase.googleapis.com/v1beta1/projects [omitted]
[debug] [2023-06-25T14:36:44.869Z] HTTP Error: 401, Request had invalid authentication credentials. Expected OAuth 2 access token, login cookie or other valid authentication credential. See https://developers.google.com/identity/sign-in/web/devconsole-project.
[debug] [2023-06-25T14:36:44.869Z] FirebaseError: HTTP Error: 401, Request had invalid authentication credentials. Expected OAuth 2 access token, login cookie or other valid authentication credential. See https://developers.google.com/identity/sign-in/web/devconsole-project.
    at responseToError (C:\Users\NEW\AppData\Roaming\npm\node_modules\firebase-tools\lib\responseToError.js:49:12)
    at RetryOperation._fn (C:\Users\NEW\AppData\Roaming\npm\node_modules\firebase-tools\lib\apiv2.js:288:77)
    at process.processTicksAndRejections (node:internal/process/task_queues:95:5)
[error] 
[error] Error: Failed to list Firebase projects. See firebase-debug.log for more info.
[debug] [2023-06-25T14:38:01.628Z] ----------------------------------------------------------------------
[debug] [2023-06-25T14:38:01.630Z] Command:       C:\Program Files\nodejs\node.exe C:\Users\NEW\AppData\Roaming\npm\node_modules\firebase-tools\lib\bin\firebase.js init
[debug] [2023-06-25T14:38:01.630Z] CLI Version:   12.4.0
[debug] [2023-06-25T14:38:01.630Z] Platform:      win32
[debug] [2023-06-25T14:38:01.630Z] Node Version:  v19.0.0
[debug] [2023-06-25T14:38:01.630Z] Time:          Sun Jun 25 2023 20:08:01 GMT+0530 (India Standard Time)
[debug] [2023-06-25T14:38:01.630Z] ----------------------------------------------------------------------
[debug] 
[debug] [2023-06-25T14:38:01.637Z] > command requires scopes: ["email","openid","https://www.googleapis.com/auth/cloudplatformprojects.readonly","https://www.googleapis.com/auth/firebase","https://www.googleapis.com/auth/cloud-platform"]
[debug] [2023-06-25T14:38:01.637Z] > authorizing via signed-in user (saaivignesh2002@gmail.com)
[info] 
     ######## #### ########  ######## ########     ###     ######  ########
     ##        ##  ##     ## ##       ##     ##  ##   ##  ##       ##
     ######    ##  ########  ######   ########  #########  ######  ######
     ##        ##  ##    ##  ##       ##     ## ##     ##       ## ##
     ##       #### ##     ## ######## ########  ##     ##  ######  ########

You're about to initialize a Firebase project in this directory:

  D:\projects\placement\devrev\flight\flight

[info] 
=== Project Setup
[info] 
[info] First, let's associate this project directory with a Firebase project.
[info] You can create multiple project aliases by running firebase use --add, 
[info] but for now we'll just set up a default project.
[info] 
[debug] [2023-06-25T14:38:17.558Z] > refreshing access token with scopes: []
[debug] [2023-06-25T14:38:17.559Z] >>> [apiv2][query] POST https://www.googleapis.com/oauth2/v3/token [none]
[debug] [2023-06-25T14:38:17.559Z] >>> [apiv2][body] POST https://www.googleapis.com/oauth2/v3/token [omitted]
[debug] [2023-06-25T14:38:18.000Z] <<< [apiv2][status] POST https://www.googleapis.com/oauth2/v3/token 400
[debug] [2023-06-25T14:38:18.000Z] <<< [apiv2][body] POST https://www.googleapis.com/oauth2/v3/token [omitted]
[debug] [2023-06-25T14:38:18.000Z] >>> [apiv2][query] GET https://firebase.googleapis.com/v1beta1/projects pageSize=100
[debug] [2023-06-25T14:38:18.406Z] <<< [apiv2][status] GET https://firebase.googleapis.com/v1beta1/projects 401
[debug] [2023-06-25T14:38:18.407Z] <<< [apiv2][body] GET https://firebase.googleapis.com/v1beta1/projects [omitted]
[debug] [2023-06-25T14:38:18.407Z] HTTP Error: 401, Request had invalid authentication credentials. Expected OAuth 2 access token, login cookie or other valid authentication credential. See https://developers.google.com/identity/sign-in/web/devconsole-project.
[debug] [2023-06-25T14:38:18.408Z] FirebaseError: HTTP Error: 401, Request had invalid authentication credentials. Expected OAuth 2 access token, login cookie or other valid authentication credential. See https://developers.google.com/identity/sign-in/web/devconsole-project.
    at responseToError (C:\Users\NEW\AppData\Roaming\npm\node_modules\firebase-tools\lib\responseToError.js:49:12)
    at RetryOperation._fn (C:\Users\NEW\AppData\Roaming\npm\node_modules\firebase-tools\lib\apiv2.js:288:77)
    at process.processTicksAndRejections (node:internal/process/task_queues:95:5)
[error] 
[error] Error: Failed to list Firebase projects. See firebase-debug.log for more info.
[debug] [2023-06-25T14:39:23.878Z] ----------------------------------------------------------------------
[debug] [2023-06-25T14:39:23.880Z] Command:       C:\Program Files\nodejs\node.exe C:\Users\NEW\AppData\Roaming\npm\node_modules\firebase-tools\lib\bin\firebase.js init
[debug] [2023-06-25T14:39:23.880Z] CLI Version:   12.4.0
[debug] [2023-06-25T14:39:23.881Z] Platform:      win32
[debug] [2023-06-25T14:39:23.881Z] Node Version:  v19.0.0
[debug] [2023-06-25T14:39:23.881Z] Time:          Sun Jun 25 2023 20:09:23 GMT+0530 (India Standard Time)
[debug] [2023-06-25T14:39:23.881Z] ----------------------------------------------------------------------
[debug] 
[debug] [2023-06-25T14:39:23.885Z] > command requires scopes: ["email","openid","https://www.googleapis.com/auth/cloudplatformprojects.readonly","https://www.googleapis.com/auth/firebase","https://www.googleapis.com/auth/cloud-platform"]
[debug] [2023-06-25T14:39:23.886Z] > authorizing via signed-in user (saaivignesh2002@gmail.com)
[info] 
     ######## #### ########  ######## ########     ###     ######  ########
     ##        ##  ##     ## ##       ##     ##  ##   ##  ##       ##
     ######    ##  ########  ######   ########  #########  ######  ######
     ##        ##  ##    ##  ##       ##     ## ##     ##       ## ##
     ##       #### ##     ## ######## ########  ##     ##  ######  ########

You're about to initialize a Firebase project in this directory:

  D:\projects\placement\devrev\flight\flight

[info] 
=== Project Setup
[info] 
[info] First, let's associate this project directory with a Firebase project.
[info] You can create multiple project aliases by running firebase use --add, 
[info] but for now we'll just set up a default project.
[info] 
[debug] [2023-06-25T14:39:36.759Z] > refreshing access token with scopes: []
[debug] [2023-06-25T14:39:36.760Z] >>> [apiv2][query] POST https://www.googleapis.com/oauth2/v3/token [none]
[debug] [2023-06-25T14:39:36.760Z] >>> [apiv2][body] POST https://www.googleapis.com/oauth2/v3/token [omitted]
[debug] [2023-06-25T14:39:36.993Z] <<< [apiv2][status] POST https://www.googleapis.com/oauth2/v3/token 400
[debug] [2023-06-25T14:39:36.993Z] <<< [apiv2][body] POST https://www.googleapis.com/oauth2/v3/token [omitted]
[debug] [2023-06-25T14:39:36.993Z] >>> [apiv2][query] GET https://firebase.googleapis.com/v1beta1/projects pageSize=100
[debug] [2023-06-25T14:39:37.362Z] <<< [apiv2][status] GET https://firebase.googleapis.com/v1beta1/projects 401
[debug] [2023-06-25T14:39:37.362Z] <<< [apiv2][body] GET https://firebase.googleapis.com/v1beta1/projects [omitted]
[debug] [2023-06-25T14:39:37.364Z] HTTP Error: 401, Request had invalid authentication credentials. Expected OAuth 2 access token, login cookie or other valid authentication credential. See https://developers.google.com/identity/sign-in/web/devconsole-project.
[debug] [2023-06-25T14:39:37.365Z] FirebaseError: HTTP Error: 401, Request had invalid authentication credentials. Expected OAuth 2 access token, login cookie or other valid authentication credential. See https://developers.google.com/identity/sign-in/web/devconsole-project.
    at responseToError (C:\Users\NEW\AppData\Roaming\npm\node_modules\firebase-tools\lib\responseToError.js:49:12)
    at RetryOperation._fn (C:\Users\NEW\AppData\Roaming\npm\node_modules\firebase-tools\lib\apiv2.js:288:77)
    at process.processTicksAndRejections (node:internal/process/task_queues:95:5)
[error] 
[error] Error: Failed to list Firebase projects. See firebase-debug.log for more info.
[debug] [2023-06-25T14:39:51.309Z] ----------------------------------------------------------------------
[debug] [2023-06-25T14:39:51.311Z] Command:       C:\Program Files\nodejs\node.exe C:\Users\NEW\AppData\Roaming\npm\node_modules\firebase-tools\lib\bin\firebase.js init
[debug] [2023-06-25T14:39:51.311Z] CLI Version:   12.4.0
[debug] [2023-06-25T14:39:51.311Z] Platform:      win32
[debug] [2023-06-25T14:39:51.311Z] Node Version:  v19.0.0
[debug] [2023-06-25T14:39:51.312Z] Time:          Sun Jun 25 2023 20:09:51 GMT+0530 (India Standard Time)
[debug] [2023-06-25T14:39:51.312Z] ----------------------------------------------------------------------
[debug] 
[debug] [2023-06-25T14:39:51.316Z] > command requires scopes: ["email","openid","https://www.googleapis.com/auth/cloudplatformprojects.readonly","https://www.googleapis.com/auth/firebase","https://www.googleapis.com/auth/cloud-platform"]
[debug] [2023-06-25T14:39:51.316Z] > authorizing via signed-in user (saaivignesh2002@gmail.com)
[info] 
     ######## #### ########  ######## ########     ###     ######  ########
     ##        ##  ##     ## ##       ##     ##  ##   ##  ##       ##
     ######    ##  ########  ######   ########  #########  ######  ######
     ##        ##  ##    ##  ##       ##     ## ##     ##       ## ##
     ##       #### ##     ## ######## ########  ##     ##  ######  ########

You're about to initialize a Firebase project in this directory:

  D:\projects\placement\devrev\flight\flight

